<?xml version="1.0" encoding="UTF-8"?>
<!-- Generated by org.testng.reporters.JUnitReportReporter -->
<testsuite hostname="DESKTOP-0BB61DJ" name="day10.Day1Programms" tests="2" failures="0" timestamp="13 Jun 2017 03:42:08 GMT" time="0.469" errors="0">
  <testcase name="ClickOnLink" time="0.343" classname="day10.Day1Programms"/>
  <testcase name="Maximise" time="0.126" classname="day10.Day1Programms"/>
</testsuite> <!-- day10.Day1Programms -->
