<?xml version="1.0" encoding="UTF-8"?>
<!-- Generated by org.testng.reporters.JUnitReportReporter -->
<testsuite hostname="DESKTOP-0BB61DJ" name="day10.Day3Program1" tests="1" failures="0" timestamp="1 May 2017 18:48:44 GMT" time="0.187" errors="0">
  <testcase name="CountOFDropDown" time="0.187" classname="day10.Day3Program1"/>
</testsuite> <!-- day10.Day3Program1 -->
