<?xml version="1.0" encoding="UTF-8"?>
<!-- Generated by org.testng.reporters.JUnitReportReporter -->
<testsuite hostname="DESKTOP-0BB61DJ" name="day5.Test1" tests="1" failures="0" timestamp="11 May 2017 19:40:11 GMT" time="13.637" errors="0">
  <testcase name="test" time="13.637" classname="day5.Test1"/>
</testsuite> <!-- day5.Test1 -->
