<?xml version="1.0" encoding="UTF-8"?>
<!-- Generated by org.testng.reporters.JUnitReportReporter -->
<testsuite hostname="DESKTOP-0BB61DJ" name="day10.Day1Programms" tests="2" failures="0" timestamp="13 May 2017 00:37:16 GMT" time="0.673" errors="0">
  <testcase name="ClickOnLink" time="0.457" classname="day10.Day1Programms"/>
  <testcase name="Maximise" time="0.216" classname="day10.Day1Programms"/>
</testsuite> <!-- day10.Day1Programms -->
