<?xml version="1.0" encoding="UTF-8"?>
<!-- Generated by org.testng.reporters.JUnitReportReporter -->
<testsuite hostname="DESKTOP-0BB61DJ" name="day10.Day3Program2" tests="1" failures="0" timestamp="1 May 2017 19:01:10 GMT" time="0.476" errors="0">
  <testcase name="HeaderLinks" time="0.476" classname="day10.Day3Program2"/>
</testsuite> <!-- day10.Day3Program2 -->
