<?xml version="1.0" encoding="UTF-8"?>
<!-- Generated by org.testng.reporters.JUnitReportReporter -->
<testsuite hostname="DESKTOP-0BB61DJ" name="assignment.SearsHomePage" tests="1" failures="0" timestamp="16 May 2017 03:32:17 GMT" time="46.261" errors="0">
  <testcase name="ApplLaunch" time="46.261" classname="assignment.SearsHomePage"/>
</testsuite> <!-- assignment.SearsHomePage -->
