<?xml version="1.0" encoding="UTF-8"?>
<!-- Generated by org.testng.reporters.JUnitReportReporter -->
<testsuite hostname="DESKTOP-0BB61DJ" name="day11.UserRegistrationDataDriven" tests="1" failures="0" timestamp="5 May 2017 02:28:51 GMT" time="15.508" errors="0">
  <testcase name="UserRegistration" time="15.508" classname="day11.UserRegistrationDataDriven"/>
</testsuite> <!-- day11.UserRegistrationDataDriven -->
