<?xml version="1.0" encoding="UTF-8"?>
<!-- Generated by org.testng.reporters.JUnitReportReporter -->
<testsuite hostname="DESKTOP-0BB61DJ" name="chrome.chrome" tests="1" failures="0" timestamp="13 May 2017 00:37:16 GMT" time="12.008" errors="0">
  <testcase name="ApplLaunch" time="12.008" classname="chrome.chrome"/>
</testsuite> <!-- chrome.chrome -->
