<?xml version="1.0" encoding="UTF-8"?>
<!-- Generated by org.testng.reporters.JUnitReportReporter -->
<testsuite hostname="DESKTOP-0BB61DJ" name="day11.LinkTesting" tests="1" failures="0" timestamp="8 May 2017 01:32:21 GMT" time="29.273" errors="0">
  <testcase name="LinksTesting" time="29.273" classname="day11.LinkTesting"/>
</testsuite> <!-- day11.LinkTesting -->
