<?xml version="1.0" encoding="UTF-8"?>
<!-- Generated by org.testng.reporters.JUnitReportReporter -->
<testsuite hostname="DESKTOP-0BB61DJ" name="day13.KeywordTesting" tests="1" failures="0" timestamp="8 May 2017 17:24:15 GMT" time="4.450" errors="0">
  <testcase name="KeyTesting" time="4.450" classname="day13.KeywordTesting"/>
</testsuite> <!-- day13.KeywordTesting -->
