<?xml version="1.0" encoding="UTF-8"?>
<!-- Generated by org.testng.reporters.JUnitReportReporter -->
<testsuite hostname="DESKTOP-0BB61DJ" name="assignment.SearsHomePage" tests="1" failures="0" timestamp="12 May 2017 20:55:07 GMT" time="47.797" errors="0">
  <testcase name="ApplLaunch" time="47.797" classname="assignment.SearsHomePage"/>
</testsuite> <!-- assignment.SearsHomePage -->
