<?xml version="1.0" encoding="UTF-8"?>
<!-- Generated by org.testng.reporters.JUnitReportReporter -->
<testsuite hostname="DESKTOP-0BB61DJ" name="chrome.chrome" tests="1" failures="0" timestamp="13 Jun 2017 03:42:08 GMT" time="8.563" errors="0">
  <testcase name="ApplLaunch" time="8.563" classname="chrome.chrome"/>
</testsuite> <!-- chrome.chrome -->
