<?xml version="1.0" encoding="UTF-8"?>
<!-- Generated by org.testng.reporters.JUnitReportReporter -->
<testsuite hostname="DESKTOP-0BB61DJ" name="day10.Day2Program" tests="4" failures="0" timestamp="1 May 2017 18:25:57 GMT" time="3.961" errors="0">
  <testcase name="EnterDataAndLogin" time="3.843" classname="day10.Day2Program"/>
  <testcase name="GetCurrentURL" time="0.030" classname="day10.Day2Program"/>
  <testcase name="GetTitle" time="0.017" classname="day10.Day2Program"/>
  <testcase name="CountOfLinks" time="0.071" classname="day10.Day2Program"/>
</testsuite> <!-- day10.Day2Program -->
